(---------------------------------------------------------------------)
(                                                                     )
(    Create_devices LOG file                                          )
(                                                                     )
(    Drawing          : HI3516ADMEB_VER_C_PCB.brd                     )
(    Software Version : 16.6-2015S108                                 )
(    Date/Time        : Thu Jun 18 23:19:10 2020                      )
(                                                                     )
(---------------------------------------------------------------------)


WARNING(SPMHDF-67): Device 'SR0603' occurs multiple times - check the device file.
WARNING(SPMHDF-67): Device 'SR0603' occurs multiple times - check the device file.
WARNING(SPMHDF-67): Device 'SR0603' occurs multiple times - check the device file.
WARNING(SPMHDF-67): Device 'SR0402' occurs multiple times - check the device file.
WARNING(SPMHDF-67): Device 'SR0402' occurs multiple times - check the device file.
WARNING(SPMHDF-67): Device 'SR0402' occurs multiple times - check the device file.
WARNING(SPMHDF-67): Device 'SR0603' occurs multiple times - check the device file.
WARNING(SPMHDF-67): Device 'SR0603' occurs multiple times - check the device file.
WARNING(SPMHDF-67): Device 'SR0603' occurs multiple times - check the device file.
WARNING(SPMHDF-67): Device 'SR0603' occurs multiple times - check the device file.
WARNING(SPMHDF-67): Device 'SR0603' occurs multiple times - check the device file.
WARNING(SPMHDF-67): Device 'SR0603' occurs multiple times - check the device file.
WARNING(SPMHDF-67): Device 'SR0603' occurs multiple times - check the device file.
WARNING(SPMHDF-67): Device 'SR0603' occurs multiple times - check the device file.
WARNING(SPMHDF-67): Device 'SR0402' occurs multiple times - check the device file.
WARNING(SPMHDF-67): Device 'SR0402' occurs multiple times - check the device file.
WARNING(SPMHDF-67): Device 'SR0402' occurs multiple times - check the device file.
WARNING(SPMHDF-67): Device 'SR0402' occurs multiple times - check the device file.
WARNING(SPMHDF-67): Device 'SR0402' occurs multiple times - check the device file.
WARNING(SPMHDF-67): Device 'SR0402' occurs multiple times - check the device file.
WARNING(SPMHDF-67): Device 'SR0402' occurs multiple times - check the device file.
WARNING(SPMHDF-67): Device 'SR0402' occurs multiple times - check the device file.
WARNING(SPMHDF-67): Device 'SC0402-BGA' occurs multiple times - check the device file.
WARNING(SPMHDF-67): Device 'SC1206' occurs multiple times - check the device file.
WARNING(SPMHDF-67): Device 'STC7343' occurs multiple times - check the device file.
WARNING(SPMHDF-67): Device 'SC0402' occurs multiple times - check the device file.
WARNING(SPMHDF-67): Device 'SC1206' occurs multiple times - check the device file.
WARNING(SPMHDF-67): Device 'SC1206' occurs multiple times - check the device file.
WARNING(SPMHDF-67): Device 'SC0603' occurs multiple times - check the device file.
WARNING(SPMHDF-67): Device 'SC0402' occurs multiple times - check the device file.
WARNING(SPMHDF-67): Device 'SC0402' occurs multiple times - check the device file.
WARNING(SPMHDF-67): Device 'SC0402' occurs multiple times - check the device file.
WARNING(SPMHDF-67): Device 'SC0402-BGA' occurs multiple times - check the device file.

Device file 'J:/hi3516dv100_pcb_lib/sip-1p.txt': written successfully.
Device file 'J:/hi3516dv100_pcb_lib/sc0402.txt': written successfully.
Device file 'J:/hi3516dv100_pcb_lib/sc0402-bga.txt': written successfully.
Device file 'J:/hi3516dv100_pcb_lib/sr0603.txt': written successfully.
Device file 'J:/hi3516dv100_pcb_lib/sr0603__1.txt': written successfully.
Device file 'J:/hi3516dv100_pcb_lib/sr0603__2.txt': written successfully.
Device file 'J:/hi3516dv100_pcb_lib/sr0603__3.txt': written successfully.
Device file 'J:/hi3516dv100_pcb_lib/sr0402.txt': written successfully.
Device file 'J:/hi3516dv100_pcb_lib/sr0402__1.txt': written successfully.
Device file 'J:/hi3516dv100_pcb_lib/sr0402__2.txt': written successfully.
Device file 'J:/hi3516dv100_pcb_lib/sr0402__3.txt': written successfully.
Device file 'J:/hi3516dv100_pcb_lib/sr0603__4.txt': written successfully.
Device file 'J:/hi3516dv100_pcb_lib/sr0603__5.txt': written successfully.
Device file 'J:/hi3516dv100_pcb_lib/sr0603__6.txt': written successfully.
Device file 'J:/hi3516dv100_pcb_lib/sr0603__7.txt': written successfully.
Device file 'J:/hi3516dv100_pcb_lib/sr0603__8.txt': written successfully.
Device file 'J:/hi3516dv100_pcb_lib/sr0603__9.txt': written successfully.
Device file 'J:/hi3516dv100_pcb_lib/sr0603__10.txt': written successfully.
Device file 'J:/hi3516dv100_pcb_lib/sr0603__11.txt': written successfully.
Device file 'J:/hi3516dv100_pcb_lib/sr0402__4.txt': written successfully.
Device file 'J:/hi3516dv100_pcb_lib/sr0402__5.txt': written successfully.
Device file 'J:/hi3516dv100_pcb_lib/sr0402__6.txt': written successfully.
Device file 'J:/hi3516dv100_pcb_lib/sr0402__7.txt': written successfully.
Device file 'J:/hi3516dv100_pcb_lib/sr0402__8.txt': written successfully.
Device file 'J:/hi3516dv100_pcb_lib/sr0402__9.txt': written successfully.
Device file 'J:/hi3516dv100_pcb_lib/sr0402__10.txt': written successfully.
Device file 'J:/hi3516dv100_pcb_lib/sr0402__11.txt': written successfully.
Device file 'J:/hi3516dv100_pcb_lib/hsed120-20m-qth.txt': written successfully.
Device file 'J:/hi3516dv100_pcb_lib/spl0303a.txt': written successfully.
Device file 'J:/hi3516dv100_pcb_lib/sop16-50-300a.txt': written successfully.
Device file 'J:/hi3516dv100_pcb_lib/wson8-mx25l12835zn.txt': written successfully.
Device file 'J:/hi3516dv100_pcb_lib/sop48-20-720a.txt': written successfully.
Device file 'J:/hi3516dv100_pcb_lib/mlf8m-050-0202l.txt': written successfully.
Device file 'J:/hi3516dv100_pcb_lib/tsot23-8.txt': written successfully.
Device file 'J:/hi3516dv100_pcb_lib/bga395-26-2222.txt': written successfully.
Device file 'J:/hi3516dv100_pcb_lib/bga96-32-1609g.txt': written successfully.
Device file 'J:/hi3516dv100_pcb_lib/sc0603.txt': written successfully.
Device file 'J:/hi3516dv100_pcb_lib/sc0402-bga__1.txt': written successfully.
Device file 'J:/hi3516dv100_pcb_lib/sc1206.txt': written successfully.
Device file 'J:/hi3516dv100_pcb_lib/sc1206__1.txt': written successfully.
Device file 'J:/hi3516dv100_pcb_lib/stc7343.txt': written successfully.
Device file 'J:/hi3516dv100_pcb_lib/stc7343__1.txt': written successfully.
Device file 'J:/hi3516dv100_pcb_lib/sed60-16f-a.txt': written successfully.
Device file 'J:/hi3516dv100_pcb_lib/sc0402__1.txt': written successfully.
Device file 'J:/hi3516dv100_pcb_lib/sc1206__2.txt': written successfully.
Device file 'J:/hi3516dv100_pcb_lib/sc1206__3.txt': written successfully.
Device file 'J:/hi3516dv100_pcb_lib/sc0603__1.txt': written successfully.
Device file 'J:/hi3516dv100_pcb_lib/sc0402__2.txt': written successfully.
Device file 'J:/hi3516dv100_pcb_lib/sc0402__3.txt': written successfully.
Device file 'J:/hi3516dv100_pcb_lib/sc0402__4.txt': written successfully.
Device file 'J:/hi3516dv100_pcb_lib/sl0402.txt': written successfully.
Device file 'J:/hi3516dv100_pcb_lib/battery-r.txt': written successfully.
Device file 'J:/hi3516dv100_pcb_lib/sc0402-bga__2.txt': written successfully.
Device file 'J:/hi3516dv100_pcb_lib/hsx2-0302.txt': written successfully.
Device file 'J:/hi3516dv100_pcb_lib/hsl1008.txt': written successfully.
Device file 'J:/hi3516dv100_pcb_lib/hsod523.txt': written successfully.
Device file 'J:/hi3516dv100_pcb_lib/srn8-0804.txt': written successfully.
Device file 'J:/hi3516dv100_pcb_lib/hsx4-0302.txt': written successfully.

  Created device files: 58

